[23][4][2020][12][9][3][usuario][mensaje]
[23][4][2020][12][28][38][usuario][mensaje]
[234202012374][usuario][mensaje]
[23-4-2020 12:38:46][usuario][mensaje]
[23-4-2020 12:40:41][usuario][mensaje]
[23-21-2020 12:41:17][usuario][mensaje]
[23-41-2020 12:42:26][usuario][mensaje]
[23-5-2020 12:49:36][usuario][mensaje]
[23-5-2020 12:57:58][usuario][setTitle]
[23-5-2020 12:58:58][usuario][AltaCursos]
[23-5-2020 17:20:42][usuario][Adaministrador]
[24-5-2020 18:25:23][usuario][ModificarAlumno]
[24-5-2020 19:16:44][usuario][ModificarAlumno]
[24-5-2020 19:26:3][usuario][ModificarAlumno]
[24-5-2020 19:26:49][usuario][ModificarAlumno]
[24-5-2020 19:27:17][usuario][ModificarAlumno]
[24-5-2020 19:28:56][usuario][ModificarAlumno]
[24-5-2020 19:46:53][usuario][BajaAlumno]
[24-5-2020 20:55:28][usuario][BajaAlumno]
[24-5-2020 20:55:57][usuario][BajaAlumno]
[24-5-2020 20:58:5][usuario][BajaAlumno]
[24-5-2020 20:58:27][usuario][BajaAlumno]
[24-5-2020 21:5:27][usuario][BajaAlumno]
[24-5-2020 22:38:18][usuario][BajaAlumno]
[24-5-2020 22:39:13][usuario][BajaProfesor]
[24-5-2020 22:41:27][usuario][BajaAlumno]
[25-5-2020 8:18:38][usuario][BajaAlumno]
[25-5-2020 8:20:1][usuario][BajaAlumno]
[25-5-2020 8:24:0][usuario][BajaAlumno]
[25-5-2020 8:24:15][usuario][BajaAlumno]
[25-5-2020 8:26:54][usuario][ModificarAlumno]
[25-5-2020 8:27:5][usuario][BajaAlumno]
[25-5-2020 8:28:48][usuario][BajaAlumno]
[25-5-2020 8:29:35][usuario][BajaAlumno]
[25-5-2020 10:51:2][usuario][ModificarAsignatura]
[25-5-2020 10:51:13][usuario][BajaAsignatura]
[25-5-2020 11:36:0][usuario][ModificarCurso]
